[debug] [2022-12-10T17:17:13.650Z] ----------------------------------------------------------------------
[debug] [2022-12-10T17:17:13.651Z] Command:       /usr/local/bin/node /usr/local/bin/firebase init
[debug] [2022-12-10T17:17:13.652Z] CLI Version:   11.15.0
[debug] [2022-12-10T17:17:13.652Z] Platform:      linux
[debug] [2022-12-10T17:17:13.652Z] Node Version:  v18.11.0
[debug] [2022-12-10T17:17:13.652Z] Time:          Sat Dec 10 2022 23:17:13 GMT+0600 (Bangladesh Standard Time)
[debug] [2022-12-10T17:17:13.652Z] ----------------------------------------------------------------------
[debug] 
[debug] [2022-12-10T17:17:13.655Z] >>> [apiv2][query] GET https://firebase-public.firebaseio.com/cli.json [none]
[debug] [2022-12-10T17:17:13.689Z] > command requires scopes: ["email","openid","https://www.googleapis.com/auth/cloudplatformprojects.readonly","https://www.googleapis.com/auth/firebase","https://www.googleapis.com/auth/cloud-platform"]
[debug] [2022-12-10T17:17:13.690Z] > authorizing via signed-in user (mizanorrahman398@gmail.com)
[info] 
     ######## #### ########  ######## ########     ###     ######  ########
     ##        ##  ##     ## ##       ##     ##  ##   ##  ##       ##
     ######    ##  ########  ######   ########  #########  ######  ######
     ##        ##  ##    ##  ##       ##     ## ##     ##       ## ##
     ##       #### ##     ## ######## ########  ##     ##  ######  ########

You're about to initialize a Firebase project in this directory:

  /home/mizan/Desktop/Mizanor-Rahman-portfolio/mizanor-rahman-portfolio

[debug] [2022-12-10T17:17:14.470Z] <<< [apiv2][status] GET https://firebase-public.firebaseio.com/cli.json 200
[debug] [2022-12-10T17:17:14.471Z] <<< [apiv2][body] GET https://firebase-public.firebaseio.com/cli.json {"cloudBuildErrorAfter":1594252800000,"cloudBuildWarnAfter":1590019200000,"defaultNode10After":1594252800000,"minVersion":"3.0.5","node8DeploysDisabledAfter":1613390400000,"node8RuntimeDisabledAfter":1615809600000,"node8WarnAfter":1600128000000}
[info] 
=== Project Setup
[info] 
[info] First, let's associate this project directory with a Firebase project.
[info] You can create multiple project aliases by running firebase use --add, 
[info] but for now we'll just set up a default project.
[info] 
[debug] [2022-12-10T17:17:46.241Z] > refreshing access token with scopes: []
[debug] [2022-12-10T17:17:46.245Z] >>> [apiv2][query] POST https://www.googleapis.com/oauth2/v3/token [none]
[debug] [2022-12-10T17:17:46.245Z] >>> [apiv2][body] POST https://www.googleapis.com/oauth2/v3/token [omitted]
[debug] [2022-12-10T17:17:46.558Z] <<< [apiv2][status] POST https://www.googleapis.com/oauth2/v3/token 200
[debug] [2022-12-10T17:17:46.558Z] <<< [apiv2][body] POST https://www.googleapis.com/oauth2/v3/token [omitted]
[debug] [2022-12-10T17:17:46.571Z] >>> [apiv2][query] GET https://firebase.googleapis.com/v1beta1/projects pageSize=100
[debug] [2022-12-10T17:17:47.669Z] <<< [apiv2][status] GET https://firebase.googleapis.com/v1beta1/projects 200
[debug] [2022-12-10T17:17:47.669Z] <<< [apiv2][body] GET https://firebase.googleapis.com/v1beta1/projects [omitted]
[debug] [2022-12-10T17:19:04.903Z] ----------------------------------------------------------------------
[debug] [2022-12-10T17:19:04.905Z] Command:       /usr/local/bin/node /usr/local/bin/firebase init
[debug] [2022-12-10T17:19:04.906Z] CLI Version:   11.15.0
[debug] [2022-12-10T17:19:04.906Z] Platform:      linux
[debug] [2022-12-10T17:19:04.906Z] Node Version:  v18.11.0
[debug] [2022-12-10T17:19:04.906Z] Time:          Sat Dec 10 2022 23:19:04 GMT+0600 (Bangladesh Standard Time)
[debug] [2022-12-10T17:19:04.906Z] ----------------------------------------------------------------------
[debug] 
[debug] [2022-12-10T17:19:04.911Z] > command requires scopes: ["email","openid","https://www.googleapis.com/auth/cloudplatformprojects.readonly","https://www.googleapis.com/auth/firebase","https://www.googleapis.com/auth/cloud-platform"]
[debug] [2022-12-10T17:19:04.912Z] > authorizing via signed-in user (mizanorrahman398@gmail.com)
[info] 
     ######## #### ########  ######## ########     ###     ######  ########
     ##        ##  ##     ## ##       ##     ##  ##   ##  ##       ##
     ######    ##  ########  ######   ########  #########  ######  ######
     ##        ##  ##    ##  ##       ##     ## ##     ##       ## ##
     ##       #### ##     ## ######## ########  ##     ##  ######  ########

You're about to initialize a Firebase project in this directory:

  /home/mizan/Desktop/Mizanor-Rahman-portfolio/mizanor-rahman-portfolio

[info] 
=== Project Setup
[info] 
[info] First, let's associate this project directory with a Firebase project.
[info] You can create multiple project aliases by running firebase use --add, 
[info] but for now we'll just set up a default project.
[info] 
[info] i  If you want to create a project in a Google Cloud organization or folder, please use "firebase projects:create" instead, and return to this command when you've created the project. 
